Сборка начата 03.10.2023 16:28:11.
Уровень детализации журнала: Normal.     1>Проект "D:\3 семестр\SE\17 лаба\SELab17\SELab17\SELab17.vcxproj" в узле 2 (целевые объекты Build).
     1>InitializeBuildStatus:
         Создание "Debug\SELab17.tlog\unsuccessfulbuild", так как было задано "AlwaysCreate".
         Обращение к "Debug\SELab17.tlog\unsuccessfulbuild".
       ClCompile:
         D:\Professional\VC\Tools\MSVC\14.37.32822\bin\HostX86\x86\CL.exe /c /ZI /JMC /nologo /W3 /WX- /diagnostics:column /sdl /Od /Oy- /D WIN32 /D _DEBUG /D _CONSOLE /D _UNICODE /D UNICODE /Gm- /EHsc /RTC1 /MDd /GS /fp:precise /Zc:wchar_t /Zc:forScope /Zc:inline /permissive- /Fo"Debug\\" /Fd"Debug\vc143.pdb" /external:W3 /Gd /TP /analyze- /FC /errorReport:prompt Error.cpp In.cpp Log.cpp Out.cpp Parm.cpp SELab17.cpp
         Error.cpp
         In.cpp
     1>D:\3 семестр\SE\17 лаба\SELab17\SELab17\In.cpp(86,31): warning C4018: <: несоответствие типов со знаком и без знака
     1>D:\3 семестр\SE\17 лаба\SELab17\SELab17\In.cpp(90,34): warning C4805: ==: небезопасное смешение типа "int" и типа "bool" в операции
         Log.cpp
         Out.cpp
     1>D:\3 семестр\SE\17 лаба\SELab17\SELab17\Out.cpp(25,21): warning C4018: <: несоответствие типов со знаком и без знака
     1>D:\3 семестр\SE\17 лаба\SELab17\SELab17\Out.cpp(33,21): warning C4018: <: несоответствие типов со знаком и без знака
         Parm.cpp
         SELab17.cpp
         Создание кода...
       Link:
         D:\Professional\VC\Tools\MSVC\14.37.32822\bin\HostX86\x86\link.exe /ERRORREPORT:PROMPT /OUT:"D:\3 семестр\SE\17 лаба\SELab17\Debug\SELab17.exe" /INCREMENTAL /ILK:"Debug\SELab17.ilk" /NOLOGO kernel32.lib user32.lib gdi32.lib winspool.lib comdlg32.lib advapi32.lib shell32.lib ole32.lib oleaut32.lib uuid.lib odbc32.lib odbccp32.lib /MANIFEST /MANIFESTUAC:"level='asInvoker' uiAccess='false'" /manifest:embed /DEBUG /PDB:"D:\3 семестр\SE\17 лаба\SELab17\Debug\SELab17.pdb" /SUBSYSTEM:CONSOLE /TLBID:1 /DYNAMICBASE /NXCOMPAT /IMPLIB:"D:\3 семестр\SE\17 лаба\SELab17\Debug\SELab17.lib" /MACHINE:X86 Debug\Error.obj
         Debug\In.obj
         Debug\Log.obj
         Debug\Out.obj
         Debug\Parm.obj
         Debug\SELab17.obj
         SELab17.vcxproj -> D:\3 семестр\SE\17 лаба\SELab17\Debug\SELab17.exe
       FinalizeBuildStatus:
         Файл "Debug\SELab17.tlog\unsuccessfulbuild" удаляется.
         Обращение к "Debug\SELab17.tlog\SELab17.lastbuildstate".
     1>Сборка проекта "D:\3 семестр\SE\17 лаба\SELab17\SELab17\SELab17.vcxproj" завершена (целевые объекты Build).

Сборка успешно завершена.

       "D:\3 семестр\SE\17 лаба\SELab17\SELab17\SELab17.vcxproj" (целевой объект Build ) (1) ->
       (Целевой объект ClCompile) -> 
         D:\3 семестр\SE\17 лаба\SELab17\SELab17\In.cpp(86,31): warning C4018: <: несоответствие типов со знаком и без знака
         D:\3 семестр\SE\17 лаба\SELab17\SELab17\In.cpp(90,34): warning C4805: ==: небезопасное смешение типа "int" и типа "bool" в операции
         D:\3 семестр\SE\17 лаба\SELab17\SELab17\Out.cpp(25,21): warning C4018: <: несоответствие типов со знаком и без знака
         D:\3 семестр\SE\17 лаба\SELab17\SELab17\Out.cpp(33,21): warning C4018: <: несоответствие типов со знаком и без знака

    Предупреждений: 4
    Ошибок: 0

Прошло времени 00:00:10.67
