Сборка начата 25.09.2023 17:39:28.
Уровень детализации журнала: Normal.     1>Проект "D:\3 семестр\АиСД\3 лаба\lab_03\lab_03\lab_03.vcxproj" в узле 2 (целевые объекты Build).
     1>InitializeBuildStatus:
         Создание "x64\Debug\lab_03.tlog\unsuccessfulbuild", так как было задано "AlwaysCreate".
         Обращение к "x64\Debug\lab_03.tlog\unsuccessfulbuild".
       ClCompile:
         D:\Professional\VC\Tools\MSVC\14.37.32822\bin\HostX64\x64\CL.exe /c /ZI /JMC /nologo /W3 /WX- /diagnostics:column /sdl /Od /D _DEBUG /D _CONSOLE /D _UNICODE /D UNICODE /Gm- /EHsc /RTC1 /MDd /GS /fp:precise /Zc:wchar_t /Zc:forScope /Zc:inline /permissive- /Fo"x64\Debug\\" /Fd"x64\Debug\vc143.pdb" /external:W3 /Gd /TP /FC /errorReport:prompt lab_03.cpp
         lab_03.cpp
     1>D:\3 семестр\АиСД\3 лаба\lab_03\lab_03\lab_03.cpp(10,1): warning C4326: возвращаемый тип "main" должен быть "int", а не "void"
     1>D:\3 семестр\АиСД\3 лаба\lab_03\lab_03\lab_03.cpp(12,6): warning C4101: start: неиспользованная локальная переменная
       Link:
         D:\Professional\VC\Tools\MSVC\14.37.32822\bin\HostX64\x64\link.exe /ERRORREPORT:PROMPT /OUT:"D:\3 семестр\АиСД\3 лаба\lab_03\x64\Debug\lab_03.exe" /INCREMENTAL /ILK:"x64\Debug\lab_03.ilk" /NOLOGO kernel32.lib user32.lib gdi32.lib winspool.lib comdlg32.lib advapi32.lib shell32.lib ole32.lib oleaut32.lib uuid.lib odbc32.lib odbccp32.lib /MANIFEST /MANIFESTUAC:"level='asInvoker' uiAccess='false'" /manifest:embed /DEBUG /PDB:"D:\3 семестр\АиСД\3 лаба\lab_03\x64\Debug\lab_03.pdb" /SUBSYSTEM:CONSOLE /TLBID:1 /DYNAMICBASE /NXCOMPAT /IMPLIB:"D:\3 семестр\АиСД\3 лаба\lab_03\x64\Debug\lab_03.lib" /MACHINE:X64 x64\Debug\lab_03.obj
         lab_03.vcxproj -> D:\3 семестр\АиСД\3 лаба\lab_03\x64\Debug\lab_03.exe
       FinalizeBuildStatus:
         Файл "x64\Debug\lab_03.tlog\unsuccessfulbuild" удаляется.
         Обращение к "x64\Debug\lab_03.tlog\lab_03.lastbuildstate".
     1>Сборка проекта "D:\3 семестр\АиСД\3 лаба\lab_03\lab_03\lab_03.vcxproj" завершена (целевые объекты Build).

Сборка успешно завершена.

       "D:\3 семестр\АиСД\3 лаба\lab_03\lab_03\lab_03.vcxproj" (целевой объект Build ) (1) ->
       (Целевой объект ClCompile) -> 
         D:\3 семестр\АиСД\3 лаба\lab_03\lab_03\lab_03.cpp(10,1): warning C4326: возвращаемый тип "main" должен быть "int", а не "void"
         D:\3 семестр\АиСД\3 лаба\lab_03\lab_03\lab_03.cpp(12,6): warning C4101: start: неиспользованная локальная переменная

    Предупреждений: 2
    Ошибок: 0

Прошло времени 00:00:01.37
