Сборка начата 27.11.2023 21:43:10.
Уровень детализации журнала: Normal.     1>Проект "D:\3 sem\SE\asm4\asm4\Serializer\Serializer.vcxproj" в узле 2 (целевые объекты Build).
     1>PrepareForBuild:
         Создание каталога "x64\Debug\Serializer.tlog\".
       InitializeBuildStatus:
         Создание "x64\Debug\Serializer.tlog\unsuccessfulbuild", так как было задано "AlwaysCreate".
         Обращение к "x64\Debug\Serializer.tlog\unsuccessfulbuild".
       ClCompile:
         D:\Professional\VC\Tools\MSVC\14.37.32822\bin\HostX64\x64\CL.exe /c /ZI /JMC /nologo /W3 /WX- /diagnostics:column /sdl /Od /D _DEBUG /D _CONSOLE /D _UNICODE /D UNICODE /Gm- /EHsc /RTC1 /MDd /GS /fp:precise /Zc:wchar_t /Zc:forScope /Zc:inline /permissive- /Fo"x64\Debug\\" /Fd"x64\Debug\vc143.pdb" /external:W3 /Gd /TP /FC /errorReport:prompt main.cpp Serializer.cpp
         main.cpp
     1>D:\3 sem\SE\asm4\asm4\Serializer\Serializer.h(26,36): warning C4267: =: преобразование из "size_t" в "unsigned char"; возможна потеря данных
         Serializer.cpp
     1>D:\3 sem\SE\asm4\asm4\Serializer\Serializer.h(26,36): warning C4267: =: преобразование из "size_t" в "unsigned char"; возможна потеря данных
         Создание кода...
       Link:
         D:\Professional\VC\Tools\MSVC\14.37.32822\bin\HostX64\x64\link.exe /ERRORREPORT:PROMPT /OUT:"D:\3 sem\SE\asm4\asm4\x64\Debug\Serializer.exe" /INCREMENTAL /ILK:"x64\Debug\Serializer.ilk" /NOLOGO kernel32.lib user32.lib gdi32.lib winspool.lib comdlg32.lib advapi32.lib shell32.lib ole32.lib oleaut32.lib uuid.lib odbc32.lib odbccp32.lib /MANIFEST /MANIFESTUAC:"level='asInvoker' uiAccess='false'" /manifest:embed /DEBUG /PDB:"D:\3 sem\SE\asm4\asm4\x64\Debug\Serializer.pdb" /SUBSYSTEM:CONSOLE /TLBID:1 /DYNAMICBASE /NXCOMPAT /IMPLIB:"D:\3 sem\SE\asm4\asm4\x64\Debug\Serializer.lib" /MACHINE:X64 x64\Debug\main.obj
         x64\Debug\Serializer.obj
         Serializer.vcxproj -> D:\3 sem\SE\asm4\asm4\x64\Debug\Serializer.exe
       FinalizeBuildStatus:
         Файл "x64\Debug\Serializer.tlog\unsuccessfulbuild" удаляется.
         Обращение к "x64\Debug\Serializer.tlog\Serializer.lastbuildstate".
     1>Сборка проекта "D:\3 sem\SE\asm4\asm4\Serializer\Serializer.vcxproj" завершена (целевые объекты Build).

Сборка успешно завершена.

       "D:\3 sem\SE\asm4\asm4\Serializer\Serializer.vcxproj" (целевой объект Build ) (1) ->
       (Целевой объект ClCompile) -> 
         D:\3 sem\SE\asm4\asm4\Serializer\Serializer.h(26,36): warning C4267: =: преобразование из "size_t" в "unsigned char"; возможна потеря данных
         D:\3 sem\SE\asm4\asm4\Serializer\Serializer.h(26,36): warning C4267: =: преобразование из "size_t" в "unsigned char"; возможна потеря данных

    Предупреждений: 2
    Ошибок: 0

Прошло времени 00:00:02.67
