Сборка начата 08.12.2023 21:56:21.
Уровень детализации журнала: Normal.     1>Проект "D:\3 sem\SE\19 лаба\lab_19\SE_asm01\SE_asm01.vcxproj" в узле 2 (целевые объекты Build).
     1>InitializeBuildStatus:
         Создание "Debug\SE_asm01.tlog\unsuccessfulbuild", так как было задано "AlwaysCreate".
         Обращение к "Debug\SE_asm01.tlog\unsuccessfulbuild".
       _MASM:
         Assembling SE_asm01.asm...
         cmd.exe /C "C:\Users\maria\AppData\Local\Temp\tmpf6b95fa39166452ab09e048c416abab7.cmd"
         ml.exe /c /nologo /Zi /Fo"Debug\SE_asm01.obj" /Fl"Debug\\" /W3 /errorReport:prompt  /TaSE_asm01.asm
       Link:
         D:\Professional\VC\Tools\MSVC\14.37.32822\bin\HostX86\x86\link.exe /ERRORREPORT:PROMPT /OUT:"D:\3 sem\SE\19 лаба\lab_19\Debug\SE_asm01.exe" /INCREMENTAL /ILK:"Debug\SE_asm01.ilk" /NOLOGO kernel32.lib user32.lib gdi32.lib winspool.lib comdlg32.lib advapi32.lib shell32.lib ole32.lib oleaut32.lib uuid.lib odbc32.lib odbccp32.lib /MANIFEST /MANIFESTUAC:"level='asInvoker' uiAccess='false'" /manifest:embed /DEBUG /PDB:"D:\3 sem\SE\19 лаба\lab_19\Debug\SE_asm01.pdb" /SUBSYSTEM:CONSOLE /TLBID:1 /DYNAMICBASE /NXCOMPAT /IMPLIB:"D:\3 sem\SE\19 лаба\lab_19\Debug\SE_asm01.lib" /MACHINE:X86 Debug\SE_asm01.obj
         SE_asm01.vcxproj -> D:\3 sem\SE\19 лаба\lab_19\Debug\SE_asm01.exe
       FinalizeBuildStatus:
         Файл "Debug\SE_asm01.tlog\unsuccessfulbuild" удаляется.
         Обращение к "Debug\SE_asm01.tlog\SE_asm01.lastbuildstate".
     1>Сборка проекта "D:\3 sem\SE\19 лаба\lab_19\SE_asm01\SE_asm01.vcxproj" завершена (целевые объекты Build).

Сборка успешно завершена.
    Предупреждений: 0
    Ошибок: 0

Прошло времени 00:00:01.31
