Сборка начата 12.12.2023 00:22:39.
Уровень детализации журнала: Normal.     1>Проект "D:\3 sem\SE\19 лаба\lab_19\SE_asm01c\SE_asm01c.vcxproj" в узле 2 (целевые объекты Build).
     1>InitializeBuildStatus:
         Обращение к "Debug\SE_asm01c.tlog\unsuccessfulbuild".
       ClCompile:
         Для всех выходных данных обновления не требуется.
       Link:
         D:\Professional\VC\Tools\MSVC\14.37.32822\bin\HostX86\x86\link.exe /ERRORREPORT:PROMPT /OUT:"D:\3 sem\SE\19 лаба\lab_19\Debug\SE_asm01c.exe" /INCREMENTAL /ILK:"Debug\SE_asm01c.ilk" /NOLOGO kernel32.lib user32.lib gdi32.lib winspool.lib comdlg32.lib advapi32.lib shell32.lib ole32.lib oleaut32.lib uuid.lib odbc32.lib odbccp32.lib /MANIFEST /MANIFESTUAC:"level='asInvoker' uiAccess='false'" /manifest:embed /DEBUG /PDB:"D:\3 sem\SE\19 лаба\lab_19\Debug\SE_asm01c.pdb" /SUBSYSTEM:CONSOLE /TLBID:1 /DYNAMICBASE /NXCOMPAT /IMPLIB:"D:\3 sem\SE\19 лаба\lab_19\Debug\SE_asm01c.lib" /MACHINE:X86 Debug\SE_asm01c.obj
     1>SE_asm01c.obj : error LNK2019: ссылка на неразрешенный внешний символ _getmin@8 в функции _main.
     1>SE_asm01c.obj : error LNK2019: ссылка на неразрешенный внешний символ _getmax@8 в функции _main.
     1>D:\3 sem\SE\19 лаба\lab_19\Debug\SE_asm01c.exe : fatal error LNK1120: неразрешенных внешних элементов: 2
     1>Сборка проекта "D:\3 sem\SE\19 лаба\lab_19\SE_asm01c\SE_asm01c.vcxproj" завершена (целевые объекты Build) с ошибкой.

Ошибка сборки.

       "D:\3 sem\SE\19 лаба\lab_19\SE_asm01c\SE_asm01c.vcxproj" (целевой объект Build ) (1) ->
       (Целевой объект Link) -> 
         SE_asm01c.obj : error LNK2019: ссылка на неразрешенный внешний символ _getmin@8 в функции _main.
         SE_asm01c.obj : error LNK2019: ссылка на неразрешенный внешний символ _getmax@8 в функции _main.
         D:\3 sem\SE\19 лаба\lab_19\Debug\SE_asm01c.exe : fatal error LNK1120: неразрешенных внешних элементов: 2

    Предупреждений: 0
    Ошибок: 3

Прошло времени 00:00:00.47
