Сборка начата 25.11.2023 14:09:53.
Уровень детализации журнала: Normal.     1>Проект "D:\3 sem\SE\asm3\asm3\asm3\asm3.vcxproj" в узле 2 (целевые объекты Build).
     1>InitializeBuildStatus:
         Создание "Debug\asm3.tlog\unsuccessfulbuild", так как было задано "AlwaysCreate".
         Обращение к "Debug\asm3.tlog\unsuccessfulbuild".
       _MASM:
         Assembling asm3.asm...
         cmd.exe /C "C:\Users\maria\AppData\Local\Temp\tmpf39c56f154e8479b95bd547329b804f8.cmd"
         ml.exe /c /nologo /Zi /Fo"Debug\asm3.obj" /Fl"Debug\\" /W3 /errorReport:prompt  /Taasm3.asm
       Link:
         D:\Professional\VC\Tools\MSVC\14.37.32822\bin\HostX86\x86\link.exe /ERRORREPORT:PROMPT /OUT:"D:\3 sem\SE\asm3\asm3\Debug\asm3.exe" /INCREMENTAL /ILK:"Debug\asm3.ilk" /NOLOGO kernel32.lib user32.lib gdi32.lib winspool.lib comdlg32.lib advapi32.lib shell32.lib ole32.lib oleaut32.lib uuid.lib odbc32.lib odbccp32.lib /MANIFEST /MANIFESTUAC:"level='asInvoker' uiAccess='false'" /manifest:embed /DEBUG /PDB:"D:\3 sem\SE\asm3\asm3\Debug\asm3.pdb" /SUBSYSTEM:CONSOLE /TLBID:1 /DYNAMICBASE /NXCOMPAT /IMPLIB:"D:\3 sem\SE\asm3\asm3\Debug\asm3.lib" /MACHINE:X86 Debug\asm3.obj
         asm3.vcxproj -> D:\3 sem\SE\asm3\asm3\Debug\asm3.exe
       FinalizeBuildStatus:
         Файл "Debug\asm3.tlog\unsuccessfulbuild" удаляется.
         Обращение к "Debug\asm3.tlog\asm3.lastbuildstate".
     1>Сборка проекта "D:\3 sem\SE\asm3\asm3\asm3\asm3.vcxproj" завершена (целевые объекты Build).

Сборка успешно завершена.
    Предупреждений: 0
    Ошибок: 0

Прошло времени 00:00:01.77
