Сборка начата 08.12.2023 22:19:44.
Уровень детализации журнала: Normal.     1>Проект "D:\3 sem\SE\19 лаба\lab_19\SE_asm01e\SE_asm01e.vcxproj" в узле 2 (целевые объекты Build).
     1>InitializeBuildStatus:
         Обращение к "Debug\SE_asm01e.tlog\unsuccessfulbuild".
       _MASM:
       Целевой объект "_MASM" пропускается, так как все выходные файлы актуальны по отношению к входным.
       Link:
         D:\Professional\VC\Tools\MSVC\14.37.32822\bin\HostX86\x86\link.exe /ERRORREPORT:PROMPT /OUT:"D:\3 sem\SE\19 лаба\lab_19\Debug\SE_asm01e.exe" /INCREMENTAL /ILK:"Debug\SE_asm01e.ilk" /NOLOGO kernel32.lib user32.lib gdi32.lib winspool.lib comdlg32.lib advapi32.lib shell32.lib ole32.lib oleaut32.lib uuid.lib odbc32.lib odbccp32.lib /MANIFEST /MANIFESTUAC:"level='asInvoker' uiAccess='false'" /manifest:embed /DEBUG /PDB:"D:\3 sem\SE\19 лаба\lab_19\Debug\SE_asm01e.pdb" /SUBSYSTEM:WINDOWS /TLBID:1 /DYNAMICBASE /NXCOMPAT /IMPLIB:"D:\3 sem\SE\19 лаба\lab_19\Debug\SE_asm01e.lib" /MACHINE:X86 Debug\SE_asm01e.obj
     1>SE_asm01e.obj : error LNK2019: ссылка на неразрешенный внешний символ _getmax в функции _main@0.
     1>SE_asm01e.obj : error LNK2019: ссылка на неразрешенный внешний символ _getmin в функции _main@0.
     1>D:\3 sem\SE\19 лаба\lab_19\Debug\SE_asm01e.exe : fatal error LNK1120: неразрешенных внешних элементов: 2
     1>Сборка проекта "D:\3 sem\SE\19 лаба\lab_19\SE_asm01e\SE_asm01e.vcxproj" завершена (целевые объекты Build) с ошибкой.

Ошибка сборки.

       "D:\3 sem\SE\19 лаба\lab_19\SE_asm01e\SE_asm01e.vcxproj" (целевой объект Build ) (1) ->
       (Целевой объект Link) -> 
         SE_asm01e.obj : error LNK2019: ссылка на неразрешенный внешний символ _getmax в функции _main@0.
         SE_asm01e.obj : error LNK2019: ссылка на неразрешенный внешний символ _getmin в функции _main@0.
         D:\3 sem\SE\19 лаба\lab_19\Debug\SE_asm01e.exe : fatal error LNK1120: неразрешенных внешних элементов: 2

    Предупреждений: 0
    Ошибок: 3

Прошло времени 00:00:00.27
