Сборка начата 22.12.2023 00:43:24.
Уровень детализации журнала: Normal.     1>Проект "D:\3sem\KSIS\8 лаба\lab_08\lab_08\lab_08.vcxproj" в узле 2 (целевые объекты Build).
     1>InitializeBuildStatus:
         Создание "x64\Debug\lab_08.tlog\unsuccessfulbuild", так как было задано "AlwaysCreate".
         Обращение к "x64\Debug\lab_08.tlog\unsuccessfulbuild".
       ClCompile:
         D:\Professional\VC\Tools\MSVC\14.37.32822\bin\HostX64\x64\CL.exe /c /ZI /JMC /nologo /W3 /WX- /diagnostics:column /sdl /Od /D _DEBUG /D _CONSOLE /D _UNICODE /D UNICODE /Gm- /EHsc /RTC1 /MDd /GS /fp:precise /Zc:wchar_t /Zc:forScope /Zc:inline /permissive- /Fo"x64\Debug\\" /Fd"x64\Debug\vc143.pdb" /external:W3 /Gd /TP /FC /errorReport:prompt lab_08.cpp
         lab_08.cpp
       Link:
         D:\Professional\VC\Tools\MSVC\14.37.32822\bin\HostX64\x64\link.exe /ERRORREPORT:PROMPT /OUT:"D:\3sem\KSIS\8 лаба\lab_08\x64\Debug\lab_08.exe" /INCREMENTAL /ILK:"x64\Debug\lab_08.ilk" /NOLOGO kernel32.lib user32.lib gdi32.lib winspool.lib comdlg32.lib advapi32.lib shell32.lib ole32.lib oleaut32.lib uuid.lib odbc32.lib odbccp32.lib /MANIFEST /MANIFESTUAC:"level='asInvoker' uiAccess='false'" /manifest:embed /DEBUG /PDB:"D:\3sem\KSIS\8 лаба\lab_08\x64\Debug\lab_08.pdb" /SUBSYSTEM:CONSOLE /TLBID:1 /DYNAMICBASE /NXCOMPAT /IMPLIB:"D:\3sem\KSIS\8 лаба\lab_08\x64\Debug\lab_08.lib" /MACHINE:X64 x64\Debug\lab_08.obj
         lab_08.vcxproj -> D:\3sem\KSIS\8 лаба\lab_08\x64\Debug\lab_08.exe
       TlogCleanup:
         Следующие элементы будут удалены из tlogs, так как они были удалены из проекта или сборки: D:\3 семестр\KSIS\8 лаба\lab_08\lab_08\lab_08.cpp.
       FinalizeBuildStatus:
         Файл "x64\Debug\lab_08.tlog\unsuccessfulbuild" удаляется.
         Обращение к "x64\Debug\lab_08.tlog\lab_08.lastbuildstate".
     1>Сборка проекта "D:\3sem\KSIS\8 лаба\lab_08\lab_08\lab_08.vcxproj" завершена (целевые объекты Build).

Сборка успешно завершена.
    Предупреждений: 0
    Ошибок: 0

Прошло времени 00:00:02.26
