Сборка начата 22.12.2023 00:40:44.
Уровень детализации журнала: Normal.     1>Проект "D:\3sem\KSIS\7 лаба\lab_07\lab_07\lab_07.vcxproj" в узле 2 (целевые объекты Build).
     1>InitializeBuildStatus:
         Создание "x64\Debug\lab_07.tlog\unsuccessfulbuild", так как было задано "AlwaysCreate".
         Обращение к "x64\Debug\lab_07.tlog\unsuccessfulbuild".
       ClCompile:
         D:\Professional\VC\Tools\MSVC\14.37.32822\bin\HostX64\x64\CL.exe /c /ZI /JMC /nologo /W3 /WX- /diagnostics:column /sdl /Od /D _DEBUG /D _CONSOLE /D _UNICODE /D UNICODE /Gm- /EHsc /RTC1 /MDd /GS /fp:precise /Zc:wchar_t /Zc:forScope /Zc:inline /permissive- /Fo"x64\Debug\\" /Fd"x64\Debug\vc143.pdb" /external:W3 /Gd /TP /FC /errorReport:prompt lab_07.cpp
         lab_07.cpp
     1>D:\3sem\KSIS\7 лаба\lab_07\lab_07\lab_07.cpp(15,1): warning C4005: IP_DEST_NET_UNREACHABLE: изменение макроопределения
       C:\Program Files (x86)\Windows Kits\10\Include\10.0.22621.0\um\ipexport.h(173,1): message : см. предыдущее определение "IP_DEST_NET_UNREACHABLE"
     1>D:\3sem\KSIS\7 лаба\lab_07\lab_07\lab_07.cpp(16,1): warning C4005: IP_DEST_HOST_UNREACHABLE: изменение макроопределения
       C:\Program Files (x86)\Windows Kits\10\Include\10.0.22621.0\um\ipexport.h(174,1): message : см. предыдущее определение "IP_DEST_HOST_UNREACHABLE"
     1>D:\3sem\KSIS\7 лаба\lab_07\lab_07\lab_07.cpp(17,1): warning C4005: IP_DEST_PROT_UNREACHABLE: изменение макроопределения
       C:\Program Files (x86)\Windows Kits\10\Include\10.0.22621.0\um\ipexport.h(175,1): message : см. предыдущее определение "IP_DEST_PROT_UNREACHABLE"
     1>D:\3sem\KSIS\7 лаба\lab_07\lab_07\lab_07.cpp(18,1): warning C4005: IP_DEST_PORT_UNREACHABLE: изменение макроопределения
       C:\Program Files (x86)\Windows Kits\10\Include\10.0.22621.0\um\ipexport.h(176,1): message : см. предыдущее определение "IP_DEST_PORT_UNREACHABLE"
     1>D:\3sem\KSIS\7 лаба\lab_07\lab_07\lab_07.cpp(19,1): warning C4005: IP_REQ_TIMED_OUT: изменение макроопределения
       C:\Program Files (x86)\Windows Kits\10\Include\10.0.22621.0\um\ipexport.h(181,1): message : см. предыдущее определение "IP_REQ_TIMED_OUT"
     1>D:\3sem\KSIS\7 лаба\lab_07\lab_07\lab_07.cpp(20,1): warning C4005: IP_BAD_REQ: изменение макроопределения
       C:\Program Files (x86)\Windows Kits\10\Include\10.0.22621.0\um\ipexport.h(182,1): message : см. предыдущее определение "IP_BAD_REQ"
     1>D:\3sem\KSIS\7 лаба\lab_07\lab_07\lab_07.cpp(21,1): warning C4005: IP_BAD_ROUTE: изменение макроопределения
       C:\Program Files (x86)\Windows Kits\10\Include\10.0.22621.0\um\ipexport.h(183,1): message : см. предыдущее определение "IP_BAD_ROUTE"
     1>D:\3sem\KSIS\7 лаба\lab_07\lab_07\lab_07.cpp(22,1): warning C4005: IP_TTL_EXPIRED_TRANSIT: изменение макроопределения
       C:\Program Files (x86)\Windows Kits\10\Include\10.0.22621.0\um\ipexport.h(184,1): message : см. предыдущее определение "IP_TTL_EXPIRED_TRANSIT"
       Link:
         D:\Professional\VC\Tools\MSVC\14.37.32822\bin\HostX64\x64\link.exe /ERRORREPORT:PROMPT /OUT:"D:\3sem\KSIS\7 лаба\lab_07\x64\Debug\lab_07.exe" /INCREMENTAL /ILK:"x64\Debug\lab_07.ilk" /NOLOGO kernel32.lib user32.lib gdi32.lib winspool.lib comdlg32.lib advapi32.lib shell32.lib ole32.lib oleaut32.lib uuid.lib odbc32.lib odbccp32.lib /MANIFEST /MANIFESTUAC:"level='asInvoker' uiAccess='false'" /manifest:embed /DEBUG /PDB:"D:\3sem\KSIS\7 лаба\lab_07\x64\Debug\lab_07.pdb" /SUBSYSTEM:CONSOLE /TLBID:1 /DYNAMICBASE /NXCOMPAT /IMPLIB:"D:\3sem\KSIS\7 лаба\lab_07\x64\Debug\lab_07.lib" /MACHINE:X64 x64\Debug\lab_07.obj
         lab_07.vcxproj -> D:\3sem\KSIS\7 лаба\lab_07\x64\Debug\lab_07.exe
       TlogCleanup:
         Следующие элементы будут удалены из tlogs, так как они были удалены из проекта или сборки: D:\3 семестр\KSIS\7 лаба\lab_07\lab_07\lab_07.cpp.
       FinalizeBuildStatus:
         Файл "x64\Debug\lab_07.tlog\unsuccessfulbuild" удаляется.
         Обращение к "x64\Debug\lab_07.tlog\lab_07.lastbuildstate".
     1>Сборка проекта "D:\3sem\KSIS\7 лаба\lab_07\lab_07\lab_07.vcxproj" завершена (целевые объекты Build).

Сборка успешно завершена.

       "D:\3sem\KSIS\7 лаба\lab_07\lab_07\lab_07.vcxproj" (целевой объект Build ) (1) ->
       (Целевой объект ClCompile) -> 
         D:\3sem\KSIS\7 лаба\lab_07\lab_07\lab_07.cpp(15,1): warning C4005: IP_DEST_NET_UNREACHABLE: изменение макроопределения
         D:\3sem\KSIS\7 лаба\lab_07\lab_07\lab_07.cpp(16,1): warning C4005: IP_DEST_HOST_UNREACHABLE: изменение макроопределения
         D:\3sem\KSIS\7 лаба\lab_07\lab_07\lab_07.cpp(17,1): warning C4005: IP_DEST_PROT_UNREACHABLE: изменение макроопределения
         D:\3sem\KSIS\7 лаба\lab_07\lab_07\lab_07.cpp(18,1): warning C4005: IP_DEST_PORT_UNREACHABLE: изменение макроопределения
         D:\3sem\KSIS\7 лаба\lab_07\lab_07\lab_07.cpp(19,1): warning C4005: IP_REQ_TIMED_OUT: изменение макроопределения
         D:\3sem\KSIS\7 лаба\lab_07\lab_07\lab_07.cpp(20,1): warning C4005: IP_BAD_REQ: изменение макроопределения
         D:\3sem\KSIS\7 лаба\lab_07\lab_07\lab_07.cpp(21,1): warning C4005: IP_BAD_ROUTE: изменение макроопределения
         D:\3sem\KSIS\7 лаба\lab_07\lab_07\lab_07.cpp(22,1): warning C4005: IP_TTL_EXPIRED_TRANSIT: изменение макроопределения

    Предупреждений: 8
    Ошибок: 0

Прошло времени 00:00:03.39
