Сборка начата 08.12.2023 22:14:49.
Уровень детализации журнала: Normal.     1>Проект "D:\3 sem\SE\19 лаба\lab_19\SE_asm01d\SE_asm01d.vcxproj" в узле 2 (целевые объекты Build).
     1>PrepareForBuild:
         Создание каталога "Debug\SE_asm01d.tlog\".
       InitializeBuildStatus:
         Создание "Debug\SE_asm01d.tlog\unsuccessfulbuild", так как было задано "AlwaysCreate".
         Обращение к "Debug\SE_asm01d.tlog\unsuccessfulbuild".
       ClCompile:
         D:\Professional\VC\Tools\MSVC\14.37.32822\bin\HostX86\x86\CL.exe /c /ZI /JMC /nologo /W3 /WX- /diagnostics:column /sdl /Od /Oy- /D WIN32 /D _DEBUG /D _CONSOLE /D _UNICODE /D UNICODE /Gm- /EHsc /RTC1 /MDd /GS /fp:precise /Zc:wchar_t /Zc:forScope /Zc:inline /permissive- /Fo"Debug\\" /Fd"D:\3 sem\SE\19 лаба\lab_19\Debug\SE_asm01d.pdb" /external:W3 /Gd /TP /analyze- /FC /errorReport:prompt SE_asm01d.cpp
         SE_asm01d.cpp
       Lib:
         D:\Professional\VC\Tools\MSVC\14.37.32822\bin\HostX86\x86\Lib.exe /OUT:"D:\3 sem\SE\19 лаба\lab_19\Debug\SE_asm01d.lib" /NOLOGO /MACHINE:X86 Debug\SE_asm01d.obj
         SE_asm01d.vcxproj -> D:\3 sem\SE\19 лаба\lab_19\Debug\SE_asm01d.lib
       FinalizeBuildStatus:
         Файл "Debug\SE_asm01d.tlog\unsuccessfulbuild" удаляется.
         Обращение к "Debug\SE_asm01d.tlog\SE_asm01d.lastbuildstate".
     1>Сборка проекта "D:\3 sem\SE\19 лаба\lab_19\SE_asm01d\SE_asm01d.vcxproj" завершена (целевые объекты Build).

Сборка успешно завершена.
    Предупреждений: 0
    Ошибок: 0

Прошло времени 00:00:01.41
