Сборка начата 22.09.2023 22:17:12.
Уровень детализации журнала: Normal.     1>Проект "D:\3 семестр\КПО\16 лаба\SELab16\SELab16\SELab16.vcxproj" в узле 2 (целевые объекты Build).
     1>InitializeBuildStatus:
         Создание "x64\Debug\SELab16.tlog\unsuccessfulbuild", так как было задано "AlwaysCreate".
         Обращение к "x64\Debug\SELab16.tlog\unsuccessfulbuild".
       ClCompile:
         D:\Professional\VC\Tools\MSVC\14.37.32822\bin\HostX64\x64\CL.exe /c /ZI /JMC /nologo /W3 /WX- /diagnostics:column /sdl /Od /D _DEBUG /D _CONSOLE /D _UNICODE /D UNICODE /Gm- /EHsc /RTC1 /MDd /GS /fp:precise /Zc:wchar_t /Zc:forScope /Zc:inline /permissive- /Fo"x64\Debug\\" /Fd"x64\Debug\vc143.pdb" /external:W3 /Gd /TP /FC /errorReport:prompt FST.cpp SELab16.cpp
         FST.cpp
     1>D:\3 семестр\КПО\16 лаба\SELab16\SELab16\FST.cpp(71,17): warning C4267: инициализация: преобразование из "size_t" в "short"; возможна потеря данных
         SELab16.cpp
         Создание кода...
       Link:
         D:\Professional\VC\Tools\MSVC\14.37.32822\bin\HostX64\x64\link.exe /ERRORREPORT:PROMPT /OUT:"D:\3 семестр\КПО\16 лаба\SELab16\x64\Debug\SELab16.exe" /INCREMENTAL /ILK:"x64\Debug\SELab16.ilk" /NOLOGO kernel32.lib user32.lib gdi32.lib winspool.lib comdlg32.lib advapi32.lib shell32.lib ole32.lib oleaut32.lib uuid.lib odbc32.lib odbccp32.lib /MANIFEST /MANIFESTUAC:"level='asInvoker' uiAccess='false'" /manifest:embed /DEBUG /PDB:"D:\3 семестр\КПО\16 лаба\SELab16\x64\Debug\SELab16.pdb" /SUBSYSTEM:CONSOLE /TLBID:1 /DYNAMICBASE /NXCOMPAT /IMPLIB:"D:\3 семестр\КПО\16 лаба\SELab16\x64\Debug\SELab16.lib" /MACHINE:X64 x64\Debug\FST.obj
         x64\Debug\SELab16.obj
         SELab16.vcxproj -> D:\3 семестр\КПО\16 лаба\SELab16\x64\Debug\SELab16.exe
       FinalizeBuildStatus:
         Файл "x64\Debug\SELab16.tlog\unsuccessfulbuild" удаляется.
         Обращение к "x64\Debug\SELab16.tlog\SELab16.lastbuildstate".
     1>Сборка проекта "D:\3 семестр\КПО\16 лаба\SELab16\SELab16\SELab16.vcxproj" завершена (целевые объекты Build).

Сборка успешно завершена.

       "D:\3 семестр\КПО\16 лаба\SELab16\SELab16\SELab16.vcxproj" (целевой объект Build ) (1) ->
       (Целевой объект ClCompile) -> 
         D:\3 семестр\КПО\16 лаба\SELab16\SELab16\FST.cpp(71,17): warning C4267: инициализация: преобразование из "size_t" в "short"; возможна потеря данных

    Предупреждений: 1
    Ошибок: 0

Прошло времени 00:00:02.08
