Сборка начата 17.09.2023 11:44:52.
Уровень детализации журнала: Normal.     1>Проект "D:\3 семестр\АиСД\1 лаба\1 лаба\1 лаба\1 лаба.vcxproj" в узле 2 (целевые объекты Build).
     1>InitializeBuildStatus:
         Обращение к "x64\Debug\1 лаба.tlog\unsuccessfulbuild".
       ClCompile:
         D:\Professional\VC\Tools\MSVC\14.37.32822\bin\HostX64\x64\CL.exe /c /ZI /JMC /nologo /W3 /WX- /diagnostics:column /sdl /Od /D _DEBUG /D _CONSOLE /D _UNICODE /D UNICODE /Gm- /EHsc /RTC1 /MDd /GS /fp:precise /Zc:wchar_t /Zc:forScope /Zc:inline /permissive- /Fo"x64\Debug\\" /Fd"x64\Debug\vc143.pdb" /external:W3 /Gd /TP /FC /errorReport:prompt "1 лаба.cpp"
         1 лаба.cpp
     1>D:\3 семестр\АиСД\1 лаба\1 лаба\1 лаба\1 лаба.cpp(16,1): warning C4326: возвращаемый тип "main" должен быть "int", а не "void"
     1>D:\3 семестр\АиСД\1 лаба\1 лаба\1 лаба\1 лаба.cpp(46,44): error C2572: BFS: переопределение аргумента по умолчанию: параметр 1
       D:\3 семестр\АиСД\1 лаба\1 лаба\1 лаба\1 лаба.cpp(8,6): message : см. объявление "BFS"
     1>D:\3 семестр\АиСД\1 лаба\1 лаба\1 лаба\1 лаба.cpp(78,45): error C2572: BFS: переопределение аргумента по умолчанию: параметр 1
       D:\3 семестр\АиСД\1 лаба\1 лаба\1 лаба\1 лаба.cpp(9,6): message : см. объявление "BFS"
     1>D:\3 семестр\АиСД\1 лаба\1 лаба\1 лаба\1 лаба.cpp(114,47): error C2572: BFSr: переопределение аргумента по умолчанию: параметр 1
       D:\3 семестр\АиСД\1 лаба\1 лаба\1 лаба\1 лаба.cpp(10,6): message : см. объявление "BFSr"
     1>D:\3 семестр\АиСД\1 лаба\1 лаба\1 лаба\1 лаба.cpp(153,44): error C2572: DFS: переопределение аргумента по умолчанию: параметр 1
       D:\3 семестр\АиСД\1 лаба\1 лаба\1 лаба\1 лаба.cpp(11,6): message : см. объявление "DFS"
     1>D:\3 семестр\АиСД\1 лаба\1 лаба\1 лаба\1 лаба.cpp(189,45): error C2572: DFS: переопределение аргумента по умолчанию: параметр 1
       D:\3 семестр\АиСД\1 лаба\1 лаба\1 лаба\1 лаба.cpp(12,6): message : см. объявление "DFS"
     1>D:\3 семестр\АиСД\1 лаба\1 лаба\1 лаба\1 лаба.cpp(215,20): warning C4267: инициализация: преобразование из "size_t" в "int"; возможна потеря данных
     1>D:\3 семестр\АиСД\1 лаба\1 лаба\1 лаба\1 лаба.cpp(228,47): error C2572: DFSr: переопределение аргумента по умолчанию: параметр 1
       D:\3 семестр\АиСД\1 лаба\1 лаба\1 лаба\1 лаба.cpp(13,6): message : см. объявление "DFSr"
     1>Сборка проекта "D:\3 семестр\АиСД\1 лаба\1 лаба\1 лаба\1 лаба.vcxproj" завершена (целевые объекты Build) с ошибкой.

Ошибка сборки.

       "D:\3 семестр\АиСД\1 лаба\1 лаба\1 лаба\1 лаба.vcxproj" (целевой объект Build ) (1) ->
       (Целевой объект ClCompile) -> 
         D:\3 семестр\АиСД\1 лаба\1 лаба\1 лаба\1 лаба.cpp(16,1): warning C4326: возвращаемый тип "main" должен быть "int", а не "void"
         D:\3 семестр\АиСД\1 лаба\1 лаба\1 лаба\1 лаба.cpp(215,20): warning C4267: инициализация: преобразование из "size_t" в "int"; возможна потеря данных


       "D:\3 семестр\АиСД\1 лаба\1 лаба\1 лаба\1 лаба.vcxproj" (целевой объект Build ) (1) ->
       (Целевой объект ClCompile) -> 
         D:\3 семестр\АиСД\1 лаба\1 лаба\1 лаба\1 лаба.cpp(46,44): error C2572: BFS: переопределение аргумента по умолчанию: параметр 1
         D:\3 семестр\АиСД\1 лаба\1 лаба\1 лаба\1 лаба.cpp(78,45): error C2572: BFS: переопределение аргумента по умолчанию: параметр 1
         D:\3 семестр\АиСД\1 лаба\1 лаба\1 лаба\1 лаба.cpp(114,47): error C2572: BFSr: переопределение аргумента по умолчанию: параметр 1
         D:\3 семестр\АиСД\1 лаба\1 лаба\1 лаба\1 лаба.cpp(153,44): error C2572: DFS: переопределение аргумента по умолчанию: параметр 1
         D:\3 семестр\АиСД\1 лаба\1 лаба\1 лаба\1 лаба.cpp(189,45): error C2572: DFS: переопределение аргумента по умолчанию: параметр 1
         D:\3 семестр\АиСД\1 лаба\1 лаба\1 лаба\1 лаба.cpp(228,47): error C2572: DFSr: переопределение аргумента по умолчанию: параметр 1

    Предупреждений: 2
    Ошибок: 6

Прошло времени 00:00:00.70
