Сборка начата 28.11.2023 14:55:38.
Уровень детализации журнала: Normal.     1>Проект "D:\3 sem\SE\asm4\Deserializer\Deserializer.vcxproj" в узле 2 (целевые объекты Build).
     1>InitializeBuildStatus:
         Обращение к "Debug\Deserializer.tlog\unsuccessfulbuild".
       ClCompile:
         D:\Professional\VC\Tools\MSVC\14.37.32822\bin\HostX86\x86\CL.exe /c /ZI /JMC /nologo /W3 /WX- /diagnostics:column /sdl /Od /Oy- /D WIN32 /D _DEBUG /D _CONSOLE /D _UNICODE /D UNICODE /Gm- /EHsc /RTC1 /MDd /GS /fp:precise /Zc:wchar_t /Zc:forScope /Zc:inline /permissive- /Fo"Debug\\" /Fd"Debug\vc143.pdb" /external:W3 /Gd /TP /analyze- /FC /errorReport:prompt Deserializer.cpp main.cpp
         Deserializer.cpp
     1>D:\3 sem\SE\asm4\Deserializer\Deserializer.h(1,13): warning C4081: требуется "newline"; обнаружен ":"
         main.cpp
     1>D:\3 sem\SE\asm4\Deserializer\Deserializer.h(1,13): warning C4081: требуется "newline"; обнаружен ":"
         Создание кода...
       Link:
         D:\Professional\VC\Tools\MSVC\14.37.32822\bin\HostX86\x86\link.exe /ERRORREPORT:PROMPT /OUT:"D:\3 sem\SE\asm4\Debug\Deserializer.exe" /INCREMENTAL /ILK:"Debug\Deserializer.ilk" /NOLOGO kernel32.lib user32.lib gdi32.lib winspool.lib comdlg32.lib advapi32.lib shell32.lib ole32.lib oleaut32.lib uuid.lib odbc32.lib odbccp32.lib /MANIFEST /MANIFESTUAC:"level='asInvoker' uiAccess='false'" /manifest:embed /DEBUG /PDB:"D:\3 sem\SE\asm4\Debug\Deserializer.pdb" /SUBSYSTEM:CONSOLE /TLBID:1 /DYNAMICBASE /NXCOMPAT /IMPLIB:"D:\3 sem\SE\asm4\Debug\Deserializer.lib" /MACHINE:X86 Debug\Deserializer.obj
         Debug\main.obj
         Deserializer.vcxproj -> D:\3 sem\SE\asm4\Debug\Deserializer.exe
       FinalizeBuildStatus:
         Файл "Debug\Deserializer.tlog\unsuccessfulbuild" удаляется.
         Обращение к "Debug\Deserializer.tlog\Deserializer.lastbuildstate".
     1>Сборка проекта "D:\3 sem\SE\asm4\Deserializer\Deserializer.vcxproj" завершена (целевые объекты Build).

Сборка успешно завершена.

       "D:\3 sem\SE\asm4\Deserializer\Deserializer.vcxproj" (целевой объект Build ) (1) ->
       (Целевой объект ClCompile) -> 
         D:\3 sem\SE\asm4\Deserializer\Deserializer.h(1,13): warning C4081: требуется "newline"; обнаружен ":"
         D:\3 sem\SE\asm4\Deserializer\Deserializer.h(1,13): warning C4081: требуется "newline"; обнаружен ":"

    Предупреждений: 2
    Ошибок: 0

Прошло времени 00:00:02.64
